<?xml version="1.0" encoding="UTF-8"?>
<testsuite xmlns:xsi="http://www.w3.org/2001/XMLSchema-instance" xsi:noNamespaceSchemaLocation="https://maven.apache.org/surefire/maven-surefire-plugin/xsd/surefire-test-report-3.0.xsd" version="3.0" name="com.example.AppTest" time="0.122" tests="1" errors="0" skipped="0" failures="0">
  <properties>
    <property name="java.specification.version" value="23"/>
    <property name="sun.cpu.isalist" value="amd64"/>
    <property name="sun.jnu.encoding" value="Cp1252"/>
    <property name="java.class.path" value="C:\Users\Maroua\Desktop\JAVA\demo\target\test-classes;C:\Users\Maroua\Desktop\JAVA\demo\target\classes;C:\Users\Maroua\.m2\repository\de\topobyte\osm4j-core\1.3.0\osm4j-core-1.3.0.jar;C:\Users\Maroua\.m2\repository\de\topobyte\adt-multicollections\0.0.4\adt-multicollections-0.0.4.jar;C:\Users\Maroua\.m2\repository\com\slimjars\trove4j\trove4j-long-hash-set\1.0.1\trove4j-long-hash-set-1.0.1.jar;C:\Users\Maroua\.m2\repository\com\slimjars\trove4j\trove4j-hash-primitive-iterator\1.0.1\trove4j-hash-primitive-iterator-1.0.1.jar;C:\Users\Maroua\.m2\repository\com\slimjars\trove4j\trove4j-primitive-hash\1.0.1\trove4j-primitive-hash-1.0.1.jar;C:\Users\Maroua\.m2\repository\com\slimjars\trove4j\trove4j-hash\1.0.1\trove4j-hash-1.0.1.jar;C:\Users\Maroua\.m2\repository\com\slimjars\trove4j\trove4j-prime-finder\1.0.1\trove4j-prime-finder-1.0.1.jar;C:\Users\Maroua\.m2\repository\com\slimjars\trove4j\trove4j-primitive-iterator\1.0.1\trove4j-primitive-iterator-1.0.1.jar;C:\Users\Maroua\.m2\repository\com\slimjars\trove4j\trove4j-iterator\1.0.1\trove4j-iterator-1.0.1.jar;C:\Users\Maroua\.m2\repository\com\slimjars\trove4j\trove4j-long-hash\1.0.1\trove4j-long-hash-1.0.1.jar;C:\Users\Maroua\.m2\repository\com\slimjars\trove4j\trove4j-long-procedure\1.0.1\trove4j-long-procedure-1.0.1.jar;C:\Users\Maroua\.m2\repository\com\slimjars\trove4j\trove4j-long-set\1.0.1\trove4j-long-set-1.0.1.jar;C:\Users\Maroua\.m2\repository\com\slimjars\trove4j\trove4j-long-collection\1.0.1\trove4j-long-collection-1.0.1.jar;C:\Users\Maroua\.m2\repository\com\slimjars\trove4j\trove4j-long-iterator\1.0.1\trove4j-long-iterator-1.0.1.jar;C:\Users\Maroua\.m2\repository\com\slimjars\trove4j\trove4j-long-array-list\1.0.1\trove4j-long-array-list-1.0.1.jar;C:\Users\Maroua\.m2\repository\com\slimjars\trove4j\trove4j-constants\1.0.1\trove4j-constants-1.0.1.jar;C:\Users\Maroua\.m2\repository\com\slimjars\trove4j\trove4j-hash-functions\1.0.1\trove4j-hash-functions-1.0.1.jar;C:\Users\Maroua\.m2\repository\com\slimjars\trove4j\trove4j-long-list\1.0.1\trove4j-long-list-1.0.1.jar;C:\Users\Maroua\.m2\repository\com\slimjars\trove4j\trove4j-long-function\1.0.1\trove4j-long-function-1.0.1.jar;C:\Users\Maroua\.m2\repository\com\slimjars\trove4j\trove4j-long-object-hash-map\1.0.1\trove4j-long-object-hash-map-1.0.1.jar;C:\Users\Maroua\.m2\repository\com\slimjars\trove4j\trove4j-long-object-map\1.0.1\trove4j-long-object-map-1.0.1.jar;C:\Users\Maroua\.m2\repository\com\slimjars\trove4j\trove4j-long-object-iterator\1.0.1\trove4j-long-object-iterator-1.0.1.jar;C:\Users\Maroua\.m2\repository\com\slimjars\trove4j\trove4j-advancing-iterator\1.0.1\trove4j-advancing-iterator-1.0.1.jar;C:\Users\Maroua\.m2\repository\com\slimjars\trove4j\trove4j-long-object-procedure\1.0.1\trove4j-long-object-procedure-1.0.1.jar;C:\Users\Maroua\.m2\repository\com\slimjars\trove4j\trove4j-object-function\1.0.1\trove4j-object-function-1.0.1.jar;C:\Users\Maroua\.m2\repository\com\slimjars\trove4j\trove4j-object-procedure\1.0.1\trove4j-object-procedure-1.0.1.jar;C:\Users\Maroua\.m2\repository\org\slf4j\slf4j-api\1.7.36\slf4j-api-1.7.36.jar;C:\Users\Maroua\.m2\repository\de\topobyte\osm4j-pbf\1.3.0\osm4j-pbf-1.3.0.jar;C:\Users\Maroua\.m2\repository\com\slimjars\trove4j\trove4j-object-int-hash-map\1.0.1\trove4j-object-int-hash-map-1.0.1.jar;C:\Users\Maroua\.m2\repository\com\slimjars\trove4j\trove4j-object-hash-iterator\1.0.1\trove4j-object-hash-iterator-1.0.1.jar;C:\Users\Maroua\.m2\repository\com\slimjars\trove4j\trove4j-hash-iterator\1.0.1\trove4j-hash-iterator-1.0.1.jar;C:\Users\Maroua\.m2\repository\com\slimjars\trove4j\trove4j-object-hash\1.0.1\trove4j-object-hash-1.0.1.jar;C:\Users\Maroua\.m2\repository\com\slimjars\trove4j\trove4j-object-int-map\1.0.1\trove4j-object-int-map-1.0.1.jar;C:\Users\Maroua\.m2\repository\com\slimjars\trove4j\trove4j-int-collection\1.0.1\trove4j-int-collection-1.0.1.jar;C:\Users\Maroua\.m2\repository\com\slimjars\trove4j\trove4j-int-iterator\1.0.1\trove4j-int-iterator-1.0.1.jar;C:\Users\Maroua\.m2\repository\com\slimjars\trove4j\trove4j-int-function\1.0.1\trove4j-int-function-1.0.1.jar;C:\Users\Maroua\.m2\repository\com\slimjars\trove4j\trove4j-object-int-iterator\1.0.1\trove4j-object-int-iterator-1.0.1.jar;C:\Users\Maroua\.m2\repository\com\slimjars\trove4j\trove4j-object-int-procedure\1.0.1\trove4j-object-int-procedure-1.0.1.jar;C:\Users\Maroua\.m2\repository\com\google\protobuf\protobuf-javalite\3.23.4\protobuf-javalite-3.23.4.jar;C:\Users\Maroua\.m2\repository\net\jpountz\lz4\lz4\1.3.0\lz4-1.3.0.jar;C:\Users\Maroua\.m2\repository\de\topobyte\osm4j-utils\1.3.0\osm4j-utils-1.3.0.jar;C:\Users\Maroua\.m2\repository\de\topobyte\osm4j-xml\1.3.0\osm4j-xml-1.3.0.jar;C:\Users\Maroua\.m2\repository\de\topobyte\dynsax\0.0.1\dynsax-0.0.1.jar;C:\Users\Maroua\.m2\repository\org\apache\commons\commons-text\1.10.0\commons-text-1.10.0.jar;C:\Users\Maroua\.m2\repository\joda-time\joda-time\2.12.5\joda-time-2.12.5.jar;C:\Users\Maroua\.m2\repository\de\topobyte\osm4j-tbo\1.3.0\osm4j-tbo-1.3.0.jar;C:\Users\Maroua\.m2\repository\de\topobyte\compact-io\0.0.5\compact-io-0.0.5.jar;C:\Users\Maroua\.m2\repository\com\slimjars\trove4j\trove4j-hash-map\1.0.1\trove4j-hash-map-1.0.1.jar;C:\Users\Maroua\.m2\repository\com\slimjars\trove4j\trove4j-map\1.0.1\trove4j-map-1.0.1.jar;C:\Users\Maroua\.m2\repository\com\slimjars\trove4j\trove4j-object-object-procedure\1.0.1\trove4j-object-object-procedure-1.0.1.jar;C:\Users\Maroua\.m2\repository\com\slimjars\trove4j\trove4j-int-object-hash-map\1.0.1\trove4j-int-object-hash-map-1.0.1.jar;C:\Users\Maroua\.m2\repository\com\slimjars\trove4j\trove4j-int-object-map\1.0.1\trove4j-int-object-map-1.0.1.jar;C:\Users\Maroua\.m2\repository\com\slimjars\trove4j\trove4j-int-object-iterator\1.0.1\trove4j-int-object-iterator-1.0.1.jar;C:\Users\Maroua\.m2\repository\com\slimjars\trove4j\trove4j-int-object-procedure\1.0.1\trove4j-int-object-procedure-1.0.1.jar;C:\Users\Maroua\.m2\repository\org\apache\commons\commons-lang3\3.13.0\commons-lang3-3.13.0.jar;C:\Users\Maroua\.m2\repository\de\topobyte\osm4j-geometry\1.3.0\osm4j-geometry-1.3.0.jar;C:\Users\Maroua\.m2\repository\de\topobyte\jts-utils\0.5.0\jts-utils-0.5.0.jar;C:\Users\Maroua\.m2\repository\de\topobyte\adt-graph\0.0.6\adt-graph-0.0.6.jar;C:\Users\Maroua\.m2\repository\de\topobyte\jgs\0.0.1\jgs-0.0.1.jar;C:\Users\Maroua\.m2\repository\com\slimjars\trove4j\trove4j-double-array-list\1.0.1\trove4j-double-array-list-1.0.1.jar;C:\Users\Maroua\.m2\repository\com\slimjars\trove4j\trove4j-double-list\1.0.1\trove4j-double-list-1.0.1.jar;C:\Users\Maroua\.m2\repository\com\slimjars\trove4j\trove4j-double-collection\1.0.1\trove4j-double-collection-1.0.1.jar;C:\Users\Maroua\.m2\repository\com\slimjars\trove4j\trove4j-double-iterator\1.0.1\trove4j-double-iterator-1.0.1.jar;C:\Users\Maroua\.m2\repository\com\slimjars\trove4j\trove4j-double-procedure\1.0.1\trove4j-double-procedure-1.0.1.jar;C:\Users\Maroua\.m2\repository\com\slimjars\trove4j\trove4j-double-function\1.0.1\trove4j-double-function-1.0.1.jar;C:\Users\Maroua\.m2\repository\de\topobyte\jts-medical-kit\0.3.0\jts-medical-kit-0.3.0.jar;C:\Users\Maroua\.m2\repository\de\topobyte\jsi\1.2.0\jsi-1.2.0.jar;C:\Users\Maroua\.m2\repository\com\slimjars\trove4j\trove4j-int-array-list\1.0.1\trove4j-int-array-list-1.0.1.jar;C:\Users\Maroua\.m2\repository\com\slimjars\trove4j\trove4j-int-list\1.0.1\trove4j-int-list-1.0.1.jar;C:\Users\Maroua\.m2\repository\com\slimjars\trove4j\trove4j-int-array-stack\1.0.1\trove4j-int-array-stack-1.0.1.jar;C:\Users\Maroua\.m2\repository\com\slimjars\trove4j\trove4j-int-stack\1.0.1\trove4j-int-stack-1.0.1.jar;C:\Users\Maroua\.m2\repository\com\slimjars\trove4j\trove4j-float-array-list\1.0.1\trove4j-float-array-list-1.0.1.jar;C:\Users\Maroua\.m2\repository\com\slimjars\trove4j\trove4j-float-list\1.0.1\trove4j-float-list-1.0.1.jar;C:\Users\Maroua\.m2\repository\com\slimjars\trove4j\trove4j-float-collection\1.0.1\trove4j-float-collection-1.0.1.jar;C:\Users\Maroua\.m2\repository\com\slimjars\trove4j\trove4j-float-iterator\1.0.1\trove4j-float-iterator-1.0.1.jar;C:\Users\Maroua\.m2\repository\com\slimjars\trove4j\trove4j-float-procedure\1.0.1\trove4j-float-procedure-1.0.1.jar;C:\Users\Maroua\.m2\repository\com\slimjars\trove4j\trove4j-float-function\1.0.1\trove4j-float-function-1.0.1.jar;C:\Users\Maroua\.m2\repository\de\topobyte\jsi-and-jts\0.3.0\jsi-and-jts-0.3.0.jar;C:\Users\Maroua\.m2\repository\com\slimjars\trove4j\trove4j-long-array-stack\1.0.1\trove4j-long-array-stack-1.0.1.jar;C:\Users\Maroua\.m2\repository\com\slimjars\trove4j\trove4j-long-stack\1.0.1\trove4j-long-stack-1.0.1.jar;C:\Users\Maroua\.m2\repository\de\topobyte\large-scale-file-io\0.1.0\large-scale-file-io-0.1.0.jar;C:\Users\Maroua\.m2\repository\de\topobyte\adt-geo\0.2.0\adt-geo-0.2.0.jar;C:\Users\Maroua\.m2\repository\org\locationtech\jts\jts-core\1.19.0\jts-core-1.19.0.jar;C:\Users\Maroua\.m2\repository\de\topobyte\commons-cli-helper\0.1.0\commons-cli-helper-0.1.0.jar;C:\Users\Maroua\.m2\repository\commons-cli\commons-cli\1.3.1\commons-cli-1.3.1.jar;C:\Users\Maroua\.m2\repository\de\topobyte\melon-io\0.1.0\melon-io-0.1.0.jar;C:\Users\Maroua\.m2\repository\com\slimjars\trove4j\trove4j-int-hash-set\1.0.1\trove4j-int-hash-set-1.0.1.jar;C:\Users\Maroua\.m2\repository\com\slimjars\trove4j\trove4j-int-hash\1.0.1\trove4j-int-hash-1.0.1.jar;C:\Users\Maroua\.m2\repository\com\slimjars\trove4j\trove4j-int-procedure\1.0.1\trove4j-int-procedure-1.0.1.jar;C:\Users\Maroua\.m2\repository\com\slimjars\trove4j\trove4j-int-set\1.0.1\trove4j-int-set-1.0.1.jar;C:\Users\Maroua\.m2\repository\org\apache\commons\commons-compress\1.23.0\commons-compress-1.23.0.jar;C:\Users\Maroua\.m2\repository\com\google\guava\guava\19.0\guava-19.0.jar;C:\Users\Maroua\.m2\repository\net\sf\trove4j\trove4j\3.0.3\trove4j-3.0.3.jar;C:\Users\Maroua\.m2\repository\org\jxmapviewer\jxmapviewer2\2.5\jxmapviewer2-2.5.jar;C:\Users\Maroua\.m2\repository\commons-logging\commons-logging\1.1.3\commons-logging-1.1.3.jar;C:\Users\Maroua\.m2\repository\org\openjfx\javafx-swing\17\javafx-swing-17.jar;C:\Users\Maroua\.m2\repository\org\openjfx\javafx-swing\17\javafx-swing-17-win.jar;C:\Users\Maroua\.m2\repository\org\openjfx\javafx-graphics\17\javafx-graphics-17.jar;C:\Users\Maroua\.m2\repository\org\openjfx\javafx-graphics\17\javafx-graphics-17-win.jar;C:\Users\Maroua\.m2\repository\org\openjfx\javafx-base\17\javafx-base-17.jar;C:\Users\Maroua\.m2\repository\org\openjfx\javafx-base\17\javafx-base-17-win.jar;C:\Users\Maroua\.m2\repository\org\openjfx\javafx-controls\23.0.1\javafx-controls-23.0.1.jar;C:\Users\Maroua\.m2\repository\org\openjfx\javafx-controls\23.0.1\javafx-controls-23.0.1-win.jar;C:\Users\Maroua\.m2\repository\junit\junit\4.13.2\junit-4.13.2.jar;C:\Users\Maroua\.m2\repository\org\hamcrest\hamcrest-core\1.3\hamcrest-core-1.3.jar;"/>
    <property name="java.vm.vendor" value="Oracle Corporation"/>
    <property name="sun.arch.data.model" value="64"/>
    <property name="user.variant" value=""/>
    <property name="java.vendor.url" value="https://java.oracle.com/"/>
    <property name="user.timezone" value="Africa/Casablanca"/>
    <property name="os.name" value="Windows 10"/>
    <property name="java.vm.specification.version" value="23"/>
    <property name="sun.java.launcher" value="SUN_STANDARD"/>
    <property name="user.country" value="FR"/>
    <property name="sun.boot.library.path" value="C:\Program Files\Java\jdk-23\bin"/>
    <property name="sun.java.command" value="C:\Users\Maroua\AppData\Local\Temp\surefire12607803724201036653\surefirebooter-20241027121002370_3.jar C:\Users\Maroua\AppData\Local\Temp\surefire12607803724201036653 2024-10-27T12-10-02_174-jvmRun1 surefire-20241027121002370_1tmp surefire_0-20241027121002370_2tmp"/>
    <property name="jdk.debug" value="release"/>
    <property name="surefire.test.class.path" value="C:\Users\Maroua\Desktop\JAVA\demo\target\test-classes;C:\Users\Maroua\Desktop\JAVA\demo\target\classes;C:\Users\Maroua\.m2\repository\de\topobyte\osm4j-core\1.3.0\osm4j-core-1.3.0.jar;C:\Users\Maroua\.m2\repository\de\topobyte\adt-multicollections\0.0.4\adt-multicollections-0.0.4.jar;C:\Users\Maroua\.m2\repository\com\slimjars\trove4j\trove4j-long-hash-set\1.0.1\trove4j-long-hash-set-1.0.1.jar;C:\Users\Maroua\.m2\repository\com\slimjars\trove4j\trove4j-hash-primitive-iterator\1.0.1\trove4j-hash-primitive-iterator-1.0.1.jar;C:\Users\Maroua\.m2\repository\com\slimjars\trove4j\trove4j-primitive-hash\1.0.1\trove4j-primitive-hash-1.0.1.jar;C:\Users\Maroua\.m2\repository\com\slimjars\trove4j\trove4j-hash\1.0.1\trove4j-hash-1.0.1.jar;C:\Users\Maroua\.m2\repository\com\slimjars\trove4j\trove4j-prime-finder\1.0.1\trove4j-prime-finder-1.0.1.jar;C:\Users\Maroua\.m2\repository\com\slimjars\trove4j\trove4j-primitive-iterator\1.0.1\trove4j-primitive-iterator-1.0.1.jar;C:\Users\Maroua\.m2\repository\com\slimjars\trove4j\trove4j-iterator\1.0.1\trove4j-iterator-1.0.1.jar;C:\Users\Maroua\.m2\repository\com\slimjars\trove4j\trove4j-long-hash\1.0.1\trove4j-long-hash-1.0.1.jar;C:\Users\Maroua\.m2\repository\com\slimjars\trove4j\trove4j-long-procedure\1.0.1\trove4j-long-procedure-1.0.1.jar;C:\Users\Maroua\.m2\repository\com\slimjars\trove4j\trove4j-long-set\1.0.1\trove4j-long-set-1.0.1.jar;C:\Users\Maroua\.m2\repository\com\slimjars\trove4j\trove4j-long-collection\1.0.1\trove4j-long-collection-1.0.1.jar;C:\Users\Maroua\.m2\repository\com\slimjars\trove4j\trove4j-long-iterator\1.0.1\trove4j-long-iterator-1.0.1.jar;C:\Users\Maroua\.m2\repository\com\slimjars\trove4j\trove4j-long-array-list\1.0.1\trove4j-long-array-list-1.0.1.jar;C:\Users\Maroua\.m2\repository\com\slimjars\trove4j\trove4j-constants\1.0.1\trove4j-constants-1.0.1.jar;C:\Users\Maroua\.m2\repository\com\slimjars\trove4j\trove4j-hash-functions\1.0.1\trove4j-hash-functions-1.0.1.jar;C:\Users\Maroua\.m2\repository\com\slimjars\trove4j\trove4j-long-list\1.0.1\trove4j-long-list-1.0.1.jar;C:\Users\Maroua\.m2\repository\com\slimjars\trove4j\trove4j-long-function\1.0.1\trove4j-long-function-1.0.1.jar;C:\Users\Maroua\.m2\repository\com\slimjars\trove4j\trove4j-long-object-hash-map\1.0.1\trove4j-long-object-hash-map-1.0.1.jar;C:\Users\Maroua\.m2\repository\com\slimjars\trove4j\trove4j-long-object-map\1.0.1\trove4j-long-object-map-1.0.1.jar;C:\Users\Maroua\.m2\repository\com\slimjars\trove4j\trove4j-long-object-iterator\1.0.1\trove4j-long-object-iterator-1.0.1.jar;C:\Users\Maroua\.m2\repository\com\slimjars\trove4j\trove4j-advancing-iterator\1.0.1\trove4j-advancing-iterator-1.0.1.jar;C:\Users\Maroua\.m2\repository\com\slimjars\trove4j\trove4j-long-object-procedure\1.0.1\trove4j-long-object-procedure-1.0.1.jar;C:\Users\Maroua\.m2\repository\com\slimjars\trove4j\trove4j-object-function\1.0.1\trove4j-object-function-1.0.1.jar;C:\Users\Maroua\.m2\repository\com\slimjars\trove4j\trove4j-object-procedure\1.0.1\trove4j-object-procedure-1.0.1.jar;C:\Users\Maroua\.m2\repository\org\slf4j\slf4j-api\1.7.36\slf4j-api-1.7.36.jar;C:\Users\Maroua\.m2\repository\de\topobyte\osm4j-pbf\1.3.0\osm4j-pbf-1.3.0.jar;C:\Users\Maroua\.m2\repository\com\slimjars\trove4j\trove4j-object-int-hash-map\1.0.1\trove4j-object-int-hash-map-1.0.1.jar;C:\Users\Maroua\.m2\repository\com\slimjars\trove4j\trove4j-object-hash-iterator\1.0.1\trove4j-object-hash-iterator-1.0.1.jar;C:\Users\Maroua\.m2\repository\com\slimjars\trove4j\trove4j-hash-iterator\1.0.1\trove4j-hash-iterator-1.0.1.jar;C:\Users\Maroua\.m2\repository\com\slimjars\trove4j\trove4j-object-hash\1.0.1\trove4j-object-hash-1.0.1.jar;C:\Users\Maroua\.m2\repository\com\slimjars\trove4j\trove4j-object-int-map\1.0.1\trove4j-object-int-map-1.0.1.jar;C:\Users\Maroua\.m2\repository\com\slimjars\trove4j\trove4j-int-collection\1.0.1\trove4j-int-collection-1.0.1.jar;C:\Users\Maroua\.m2\repository\com\slimjars\trove4j\trove4j-int-iterator\1.0.1\trove4j-int-iterator-1.0.1.jar;C:\Users\Maroua\.m2\repository\com\slimjars\trove4j\trove4j-int-function\1.0.1\trove4j-int-function-1.0.1.jar;C:\Users\Maroua\.m2\repository\com\slimjars\trove4j\trove4j-object-int-iterator\1.0.1\trove4j-object-int-iterator-1.0.1.jar;C:\Users\Maroua\.m2\repository\com\slimjars\trove4j\trove4j-object-int-procedure\1.0.1\trove4j-object-int-procedure-1.0.1.jar;C:\Users\Maroua\.m2\repository\com\google\protobuf\protobuf-javalite\3.23.4\protobuf-javalite-3.23.4.jar;C:\Users\Maroua\.m2\repository\net\jpountz\lz4\lz4\1.3.0\lz4-1.3.0.jar;C:\Users\Maroua\.m2\repository\de\topobyte\osm4j-utils\1.3.0\osm4j-utils-1.3.0.jar;C:\Users\Maroua\.m2\repository\de\topobyte\osm4j-xml\1.3.0\osm4j-xml-1.3.0.jar;C:\Users\Maroua\.m2\repository\de\topobyte\dynsax\0.0.1\dynsax-0.0.1.jar;C:\Users\Maroua\.m2\repository\org\apache\commons\commons-text\1.10.0\commons-text-1.10.0.jar;C:\Users\Maroua\.m2\repository\joda-time\joda-time\2.12.5\joda-time-2.12.5.jar;C:\Users\Maroua\.m2\repository\de\topobyte\osm4j-tbo\1.3.0\osm4j-tbo-1.3.0.jar;C:\Users\Maroua\.m2\repository\de\topobyte\compact-io\0.0.5\compact-io-0.0.5.jar;C:\Users\Maroua\.m2\repository\com\slimjars\trove4j\trove4j-hash-map\1.0.1\trove4j-hash-map-1.0.1.jar;C:\Users\Maroua\.m2\repository\com\slimjars\trove4j\trove4j-map\1.0.1\trove4j-map-1.0.1.jar;C:\Users\Maroua\.m2\repository\com\slimjars\trove4j\trove4j-object-object-procedure\1.0.1\trove4j-object-object-procedure-1.0.1.jar;C:\Users\Maroua\.m2\repository\com\slimjars\trove4j\trove4j-int-object-hash-map\1.0.1\trove4j-int-object-hash-map-1.0.1.jar;C:\Users\Maroua\.m2\repository\com\slimjars\trove4j\trove4j-int-object-map\1.0.1\trove4j-int-object-map-1.0.1.jar;C:\Users\Maroua\.m2\repository\com\slimjars\trove4j\trove4j-int-object-iterator\1.0.1\trove4j-int-object-iterator-1.0.1.jar;C:\Users\Maroua\.m2\repository\com\slimjars\trove4j\trove4j-int-object-procedure\1.0.1\trove4j-int-object-procedure-1.0.1.jar;C:\Users\Maroua\.m2\repository\org\apache\commons\commons-lang3\3.13.0\commons-lang3-3.13.0.jar;C:\Users\Maroua\.m2\repository\de\topobyte\osm4j-geometry\1.3.0\osm4j-geometry-1.3.0.jar;C:\Users\Maroua\.m2\repository\de\topobyte\jts-utils\0.5.0\jts-utils-0.5.0.jar;C:\Users\Maroua\.m2\repository\de\topobyte\adt-graph\0.0.6\adt-graph-0.0.6.jar;C:\Users\Maroua\.m2\repository\de\topobyte\jgs\0.0.1\jgs-0.0.1.jar;C:\Users\Maroua\.m2\repository\com\slimjars\trove4j\trove4j-double-array-list\1.0.1\trove4j-double-array-list-1.0.1.jar;C:\Users\Maroua\.m2\repository\com\slimjars\trove4j\trove4j-double-list\1.0.1\trove4j-double-list-1.0.1.jar;C:\Users\Maroua\.m2\repository\com\slimjars\trove4j\trove4j-double-collection\1.0.1\trove4j-double-collection-1.0.1.jar;C:\Users\Maroua\.m2\repository\com\slimjars\trove4j\trove4j-double-iterator\1.0.1\trove4j-double-iterator-1.0.1.jar;C:\Users\Maroua\.m2\repository\com\slimjars\trove4j\trove4j-double-procedure\1.0.1\trove4j-double-procedure-1.0.1.jar;C:\Users\Maroua\.m2\repository\com\slimjars\trove4j\trove4j-double-function\1.0.1\trove4j-double-function-1.0.1.jar;C:\Users\Maroua\.m2\repository\de\topobyte\jts-medical-kit\0.3.0\jts-medical-kit-0.3.0.jar;C:\Users\Maroua\.m2\repository\de\topobyte\jsi\1.2.0\jsi-1.2.0.jar;C:\Users\Maroua\.m2\repository\com\slimjars\trove4j\trove4j-int-array-list\1.0.1\trove4j-int-array-list-1.0.1.jar;C:\Users\Maroua\.m2\repository\com\slimjars\trove4j\trove4j-int-list\1.0.1\trove4j-int-list-1.0.1.jar;C:\Users\Maroua\.m2\repository\com\slimjars\trove4j\trove4j-int-array-stack\1.0.1\trove4j-int-array-stack-1.0.1.jar;C:\Users\Maroua\.m2\repository\com\slimjars\trove4j\trove4j-int-stack\1.0.1\trove4j-int-stack-1.0.1.jar;C:\Users\Maroua\.m2\repository\com\slimjars\trove4j\trove4j-float-array-list\1.0.1\trove4j-float-array-list-1.0.1.jar;C:\Users\Maroua\.m2\repository\com\slimjars\trove4j\trove4j-float-list\1.0.1\trove4j-float-list-1.0.1.jar;C:\Users\Maroua\.m2\repository\com\slimjars\trove4j\trove4j-float-collection\1.0.1\trove4j-float-collection-1.0.1.jar;C:\Users\Maroua\.m2\repository\com\slimjars\trove4j\trove4j-float-iterator\1.0.1\trove4j-float-iterator-1.0.1.jar;C:\Users\Maroua\.m2\repository\com\slimjars\trove4j\trove4j-float-procedure\1.0.1\trove4j-float-procedure-1.0.1.jar;C:\Users\Maroua\.m2\repository\com\slimjars\trove4j\trove4j-float-function\1.0.1\trove4j-float-function-1.0.1.jar;C:\Users\Maroua\.m2\repository\de\topobyte\jsi-and-jts\0.3.0\jsi-and-jts-0.3.0.jar;C:\Users\Maroua\.m2\repository\com\slimjars\trove4j\trove4j-long-array-stack\1.0.1\trove4j-long-array-stack-1.0.1.jar;C:\Users\Maroua\.m2\repository\com\slimjars\trove4j\trove4j-long-stack\1.0.1\trove4j-long-stack-1.0.1.jar;C:\Users\Maroua\.m2\repository\de\topobyte\large-scale-file-io\0.1.0\large-scale-file-io-0.1.0.jar;C:\Users\Maroua\.m2\repository\de\topobyte\adt-geo\0.2.0\adt-geo-0.2.0.jar;C:\Users\Maroua\.m2\repository\org\locationtech\jts\jts-core\1.19.0\jts-core-1.19.0.jar;C:\Users\Maroua\.m2\repository\de\topobyte\commons-cli-helper\0.1.0\commons-cli-helper-0.1.0.jar;C:\Users\Maroua\.m2\repository\commons-cli\commons-cli\1.3.1\commons-cli-1.3.1.jar;C:\Users\Maroua\.m2\repository\de\topobyte\melon-io\0.1.0\melon-io-0.1.0.jar;C:\Users\Maroua\.m2\repository\com\slimjars\trove4j\trove4j-int-hash-set\1.0.1\trove4j-int-hash-set-1.0.1.jar;C:\Users\Maroua\.m2\repository\com\slimjars\trove4j\trove4j-int-hash\1.0.1\trove4j-int-hash-1.0.1.jar;C:\Users\Maroua\.m2\repository\com\slimjars\trove4j\trove4j-int-procedure\1.0.1\trove4j-int-procedure-1.0.1.jar;C:\Users\Maroua\.m2\repository\com\slimjars\trove4j\trove4j-int-set\1.0.1\trove4j-int-set-1.0.1.jar;C:\Users\Maroua\.m2\repository\org\apache\commons\commons-compress\1.23.0\commons-compress-1.23.0.jar;C:\Users\Maroua\.m2\repository\com\google\guava\guava\19.0\guava-19.0.jar;C:\Users\Maroua\.m2\repository\net\sf\trove4j\trove4j\3.0.3\trove4j-3.0.3.jar;C:\Users\Maroua\.m2\repository\org\jxmapviewer\jxmapviewer2\2.5\jxmapviewer2-2.5.jar;C:\Users\Maroua\.m2\repository\commons-logging\commons-logging\1.1.3\commons-logging-1.1.3.jar;C:\Users\Maroua\.m2\repository\org\openjfx\javafx-swing\17\javafx-swing-17.jar;C:\Users\Maroua\.m2\repository\org\openjfx\javafx-swing\17\javafx-swing-17-win.jar;C:\Users\Maroua\.m2\repository\org\openjfx\javafx-graphics\17\javafx-graphics-17.jar;C:\Users\Maroua\.m2\repository\org\openjfx\javafx-graphics\17\javafx-graphics-17-win.jar;C:\Users\Maroua\.m2\repository\org\openjfx\javafx-base\17\javafx-base-17.jar;C:\Users\Maroua\.m2\repository\org\openjfx\javafx-base\17\javafx-base-17-win.jar;C:\Users\Maroua\.m2\repository\org\openjfx\javafx-controls\23.0.1\javafx-controls-23.0.1.jar;C:\Users\Maroua\.m2\repository\org\openjfx\javafx-controls\23.0.1\javafx-controls-23.0.1-win.jar;C:\Users\Maroua\.m2\repository\junit\junit\4.13.2\junit-4.13.2.jar;C:\Users\Maroua\.m2\repository\org\hamcrest\hamcrest-core\1.3\hamcrest-core-1.3.jar;"/>
    <property name="sun.cpu.endian" value="little"/>
    <property name="user.home" value="C:\Users\Maroua"/>
    <property name="user.language" value="fr"/>
    <property name="java.specification.vendor" value="Oracle Corporation"/>
    <property name="java.version.date" value="2024-09-17"/>
    <property name="java.home" value="C:\Program Files\Java\jdk-23"/>
    <property name="file.separator" value="\"/>
    <property name="basedir" value="C:\Users\Maroua\Desktop\JAVA\demo"/>
    <property name="style.color" value="always"/>
    <property name="java.vm.compressedOopsMode" value="Zero based"/>
    <property name="line.separator" value="&#10;"/>
    <property name="java.vm.specification.vendor" value="Oracle Corporation"/>
    <property name="java.specification.name" value="Java Platform API Specification"/>
    <property name="surefire.real.class.path" value="C:\Users\Maroua\AppData\Local\Temp\surefire12607803724201036653\surefirebooter-20241027121002370_3.jar"/>
    <property name="user.script" value=""/>
    <property name="sun.management.compiler" value="HotSpot 64-Bit Tiered Compilers"/>
    <property name="java.runtime.version" value="23+37-2369"/>
    <property name="user.name" value="Maroua"/>
    <property name="stdout.encoding" value="Cp1252"/>
    <property name="path.separator" value=";"/>
    <property name="os.version" value="10.0"/>
    <property name="java.runtime.name" value="Java(TM) SE Runtime Environment"/>
    <property name="file.encoding" value="UTF-8"/>
    <property name="java.vm.name" value="Java HotSpot(TM) 64-Bit Server VM"/>
    <property name="localRepository" value="C:\Users\Maroua\.m2\repository"/>
    <property name="java.vendor.url.bug" value="https://bugreport.java.com/bugreport/"/>
    <property name="java.io.tmpdir" value="C:\Users\Maroua\AppData\Local\Temp\"/>
    <property name="java.version" value="23"/>
    <property name="user.dir" value="C:\Users\Maroua\Desktop\JAVA\demo"/>
    <property name="os.arch" value="amd64"/>
    <property name="java.vm.specification.name" value="Java Virtual Machine Specification"/>
    <property name="sun.os.patch.level" value=""/>
    <property name="native.encoding" value="Cp1252"/>
    <property name="java.library.path" value="C:\Program Files\Java\jdk-23\bin;C:\Windows\Sun\Java\bin;C:\Windows\system32;C:\Windows;C:\Program Files\Common Files\Oracle\Java\javapath;C:\Windows\system32;C:\Windows;C:\Windows\System32\Wbem;C:\Windows\System32\WindowsPowerShell\v1.0\;C:\Windows\System32\OpenSSH\;C:\Program Files\nodejs\;C:\xampp\php;C:\composer;C:\Program Files\Git\bin;C:\Program Files\Java\jdk-23\bin;C:\Users\Maroua\Downloads\apache-maven-3.9.9-bin\apache-maven-3.9.9\bin;C:\Users\Maroua\Downloads\openjfx-23.0.1_windows-x64_bin-sdk\javafx-sdk-23.0.1\bin;C:\Users\Maroua\miniconda3;C:\Users\Maroua\miniconda3\Library\mingw-w64\bin;C:\Users\Maroua\miniconda3\Library\usr\bin;C:\Users\Maroua\miniconda3\Library\bin;C:\Users\Maroua\miniconda3\Scripts;C:\Users\Maroua\AppData\Local\Microsoft\WindowsApps;C:\Users\Maroua\AppData\Local\Programs\Microsoft VS Code\bin;C:\Users\Maroua\AppData\Roaming\npm;C:\Users\Maroua\AppData\Roaming\Composer\vendor\bin;C:\Program Files\JetBrains\IntelliJ IDEA Community Edition 2024.2.3\bin;;."/>
    <property name="java.vm.info" value="mixed mode, sharing"/>
    <property name="stderr.encoding" value="Cp1252"/>
    <property name="java.vendor" value="Oracle Corporation"/>
    <property name="java.vm.version" value="23+37-2369"/>
    <property name="sun.io.unicode.encoding" value="UnicodeLittle"/>
    <property name="java.class.version" value="67.0"/>
  </properties>
  <testcase name="shouldAnswerWithTrue" classname="com.example.AppTest" time="0.008"/>
</testsuite>